<?xml version="1.0" encoding="UTF-8"?>
<!-- Generated by org.testng.reporters.JUnitXMLReporter -->
<testsuite ignored="0" hostname="LAPTOP-JVVDUPAN" failures="0" tests="6" name="Default test" time="60.694" errors="0" timestamp="2023-08-15T20:36:45 IST">
  <testcase classname="main.app.MainApp" name="LaunchApllication" time="51.233"/>
  <testcase classname="main.app.MainApp" name="login" time="4.566"/>
  <testcase classname="main.app.MainApp" name="destination" time="0.653"/>
  <testcase classname="main.app.MainApp" name="region" time="3.623"/>
  <testcase classname="main.app.MainApp" name="readWriteExcel" time="0.317"/>
  <testcase classname="main.app.MainApp" name="browserClose" time="0.22"/>
</testsuite> <!-- Default test -->
