<?xml version="1.0" encoding="UTF-8"?>
<!-- Generated by org.testng.reporters.JUnitXMLReporter -->
<testsuite ignored="0" hostname="LAPTOP-JVVDUPAN" failures="0" tests="4" name="Test" time="57.429" errors="0" timestamp="2023-08-24T20:15:11 IST">
  <testcase classname="main.app.MainApp" name="VerifyLogFunctionality" time="3.816"/>
  <testcase classname="main.app.MainApp" name="destination" time="5.457"/>
  <testcase classname="main.app.MainApp" name="region" time="9.862"/>
  <testcase classname="main.app.MainApp" name="readWriteExcel" time="0.953"/>
</testsuite> <!-- Test -->
