<?xml version="1.0" encoding="UTF-8"?>
<!-- Generated by org.testng.reporters.JUnitXMLReporter -->
<testsuite ignored="0" hostname="LAPTOP-JVVDUPAN" failures="0" tests="4" name="Test1" time="17.096" errors="0" timestamp="2023-08-16T20:28:02 IST">
  <testcase classname="main.app.VerifyLogin" name="login" time="4.601"/>
  <testcase classname="main.app.VerifyLogin" name="destination" time="0.726"/>
  <testcase classname="main.app.VerifyLogin" name="region" time="3.814"/>
  <testcase classname="main.app.VerifyLogin" name="readWriteExcel" time="0.411"/>
</testsuite> <!-- Test1 -->
